<?xml version="1.0" encoding="UTF-8"?>
<testsuite xmlns:xsi="http://www.w3.org/2001/XMLSchema-instance" xsi:noNamespaceSchemaLocation="https://maven.apache.org/surefire/maven-surefire-plugin/xsd/surefire-test-report.xsd" name="com.sgu.caro.CaroAppServerApplicationTests" time="5.428" tests="1" errors="0" skipped="0" failures="0">
  <properties>
    <property name="java.specification.version" value="15"/>
    <property name="sun.cpu.isalist" value="amd64"/>
    <property name="sun.jnu.encoding" value="Cp1252"/>
    <property name="java.class.path" value="D:\eclipse-workspace\Caro-desktop-app\caro_app_server\target\test-classes;D:\eclipse-workspace\Caro-desktop-app\caro_app_server\target\classes;C:\Users\DELL\.m2\repository\org\springframework\boot\spring-boot-starter-data-jpa\2.5.6\spring-boot-starter-data-jpa-2.5.6.jar;C:\Users\DELL\.m2\repository\org\springframework\boot\spring-boot-starter-aop\2.5.6\spring-boot-starter-aop-2.5.6.jar;C:\Users\DELL\.m2\repository\org\aspectj\aspectjweaver\1.9.7\aspectjweaver-1.9.7.jar;C:\Users\DELL\.m2\repository\org\springframework\boot\spring-boot-starter-jdbc\2.5.6\spring-boot-starter-jdbc-2.5.6.jar;C:\Users\DELL\.m2\repository\com\zaxxer\HikariCP\4.0.3\HikariCP-4.0.3.jar;C:\Users\DELL\.m2\repository\org\springframework\spring-jdbc\5.3.12\spring-jdbc-5.3.12.jar;C:\Users\DELL\.m2\repository\jakarta\transaction\jakarta.transaction-api\1.3.3\jakarta.transaction-api-1.3.3.jar;C:\Users\DELL\.m2\repository\jakarta\persistence\jakarta.persistence-api\2.2.3\jakarta.persistence-api-2.2.3.jar;C:\Users\DELL\.m2\repository\org\hibernate\hibernate-core\5.4.32.Final\hibernate-core-5.4.32.Final.jar;C:\Users\DELL\.m2\repository\org\jboss\logging\jboss-logging\3.4.2.Final\jboss-logging-3.4.2.Final.jar;C:\Users\DELL\.m2\repository\org\javassist\javassist\3.27.0-GA\javassist-3.27.0-GA.jar;C:\Users\DELL\.m2\repository\net\bytebuddy\byte-buddy\1.10.22\byte-buddy-1.10.22.jar;C:\Users\DELL\.m2\repository\antlr\antlr\2.7.7\antlr-2.7.7.jar;C:\Users\DELL\.m2\repository\org\jboss\jandex\2.2.3.Final\jandex-2.2.3.Final.jar;C:\Users\DELL\.m2\repository\com\fasterxml\classmate\1.5.1\classmate-1.5.1.jar;C:\Users\DELL\.m2\repository\org\dom4j\dom4j\2.1.3\dom4j-2.1.3.jar;C:\Users\DELL\.m2\repository\org\hibernate\common\hibernate-commons-annotations\5.1.2.Final\hibernate-commons-annotations-5.1.2.Final.jar;C:\Users\DELL\.m2\repository\org\glassfish\jaxb\jaxb-runtime\2.3.5\jaxb-runtime-2.3.5.jar;C:\Users\DELL\.m2\repository\org\glassfish\jaxb\txw2\2.3.5\txw2-2.3.5.jar;C:\Users\DELL\.m2\repository\com\sun\istack\istack-commons-runtime\3.0.12\istack-commons-runtime-3.0.12.jar;C:\Users\DELL\.m2\repository\com\sun\activation\jakarta.activation\1.2.2\jakarta.activation-1.2.2.jar;C:\Users\DELL\.m2\repository\org\springframework\data\spring-data-jpa\2.5.6\spring-data-jpa-2.5.6.jar;C:\Users\DELL\.m2\repository\org\springframework\data\spring-data-commons\2.5.6\spring-data-commons-2.5.6.jar;C:\Users\DELL\.m2\repository\org\springframework\spring-orm\5.3.12\spring-orm-5.3.12.jar;C:\Users\DELL\.m2\repository\org\springframework\spring-context\5.3.12\spring-context-5.3.12.jar;C:\Users\DELL\.m2\repository\org\springframework\spring-tx\5.3.12\spring-tx-5.3.12.jar;C:\Users\DELL\.m2\repository\org\springframework\spring-beans\5.3.12\spring-beans-5.3.12.jar;C:\Users\DELL\.m2\repository\org\slf4j\slf4j-api\1.7.32\slf4j-api-1.7.32.jar;C:\Users\DELL\.m2\repository\org\springframework\spring-aspects\5.3.12\spring-aspects-5.3.12.jar;C:\Users\DELL\.m2\repository\org\springframework\boot\spring-boot-starter-security\2.5.6\spring-boot-starter-security-2.5.6.jar;C:\Users\DELL\.m2\repository\org\springframework\boot\spring-boot-starter\2.5.6\spring-boot-starter-2.5.6.jar;C:\Users\DELL\.m2\repository\org\springframework\boot\spring-boot-starter-logging\2.5.6\spring-boot-starter-logging-2.5.6.jar;C:\Users\DELL\.m2\repository\ch\qos\logback\logback-classic\1.2.6\logback-classic-1.2.6.jar;C:\Users\DELL\.m2\repository\ch\qos\logback\logback-core\1.2.6\logback-core-1.2.6.jar;C:\Users\DELL\.m2\repository\org\apache\logging\log4j\log4j-to-slf4j\2.14.1\log4j-to-slf4j-2.14.1.jar;C:\Users\DELL\.m2\repository\org\apache\logging\log4j\log4j-api\2.14.1\log4j-api-2.14.1.jar;C:\Users\DELL\.m2\repository\org\slf4j\jul-to-slf4j\1.7.32\jul-to-slf4j-1.7.32.jar;C:\Users\DELL\.m2\repository\jakarta\annotation\jakarta.annotation-api\1.3.5\jakarta.annotation-api-1.3.5.jar;C:\Users\DELL\.m2\repository\org\yaml\snakeyaml\1.28\snakeyaml-1.28.jar;C:\Users\DELL\.m2\repository\org\springframework\spring-aop\5.3.12\spring-aop-5.3.12.jar;C:\Users\DELL\.m2\repository\org\springframework\security\spring-security-config\5.5.3\spring-security-config-5.5.3.jar;C:\Users\DELL\.m2\repository\org\springframework\security\spring-security-web\5.5.3\spring-security-web-5.5.3.jar;C:\Users\DELL\.m2\repository\org\springframework\spring-expression\5.3.12\spring-expression-5.3.12.jar;C:\Users\DELL\.m2\repository\org\springframework\boot\spring-boot-starter-validation\2.5.6\spring-boot-starter-validation-2.5.6.jar;C:\Users\DELL\.m2\repository\org\apache\tomcat\embed\tomcat-embed-el\9.0.54\tomcat-embed-el-9.0.54.jar;C:\Users\DELL\.m2\repository\org\hibernate\validator\hibernate-validator\6.2.0.Final\hibernate-validator-6.2.0.Final.jar;C:\Users\DELL\.m2\repository\jakarta\validation\jakarta.validation-api\2.0.2\jakarta.validation-api-2.0.2.jar;C:\Users\DELL\.m2\repository\org\springframework\boot\spring-boot-starter-web\2.5.6\spring-boot-starter-web-2.5.6.jar;C:\Users\DELL\.m2\repository\org\springframework\boot\spring-boot-starter-json\2.5.6\spring-boot-starter-json-2.5.6.jar;C:\Users\DELL\.m2\repository\com\fasterxml\jackson\core\jackson-databind\2.12.5\jackson-databind-2.12.5.jar;C:\Users\DELL\.m2\repository\com\fasterxml\jackson\core\jackson-annotations\2.12.5\jackson-annotations-2.12.5.jar;C:\Users\DELL\.m2\repository\com\fasterxml\jackson\core\jackson-core\2.12.5\jackson-core-2.12.5.jar;C:\Users\DELL\.m2\repository\com\fasterxml\jackson\datatype\jackson-datatype-jdk8\2.12.5\jackson-datatype-jdk8-2.12.5.jar;C:\Users\DELL\.m2\repository\com\fasterxml\jackson\datatype\jackson-datatype-jsr310\2.12.5\jackson-datatype-jsr310-2.12.5.jar;C:\Users\DELL\.m2\repository\com\fasterxml\jackson\module\jackson-module-parameter-names\2.12.5\jackson-module-parameter-names-2.12.5.jar;C:\Users\DELL\.m2\repository\org\springframework\boot\spring-boot-starter-tomcat\2.5.6\spring-boot-starter-tomcat-2.5.6.jar;C:\Users\DELL\.m2\repository\org\apache\tomcat\embed\tomcat-embed-core\9.0.54\tomcat-embed-core-9.0.54.jar;C:\Users\DELL\.m2\repository\org\apache\tomcat\embed\tomcat-embed-websocket\9.0.54\tomcat-embed-websocket-9.0.54.jar;C:\Users\DELL\.m2\repository\org\springframework\spring-web\5.3.12\spring-web-5.3.12.jar;C:\Users\DELL\.m2\repository\org\springframework\spring-webmvc\5.3.12\spring-webmvc-5.3.12.jar;C:\Users\DELL\.m2\repository\org\springframework\boot\spring-boot-devtools\2.5.6\spring-boot-devtools-2.5.6.jar;C:\Users\DELL\.m2\repository\org\springframework\boot\spring-boot\2.5.6\spring-boot-2.5.6.jar;C:\Users\DELL\.m2\repository\org\springframework\boot\spring-boot-autoconfigure\2.5.6\spring-boot-autoconfigure-2.5.6.jar;C:\Users\DELL\.m2\repository\mysql\mysql-connector-java\8.0.27\mysql-connector-java-8.0.27.jar;C:\Users\DELL\.m2\repository\org\springframework\boot\spring-boot-starter-test\2.5.6\spring-boot-starter-test-2.5.6.jar;C:\Users\DELL\.m2\repository\org\springframework\boot\spring-boot-test\2.5.6\spring-boot-test-2.5.6.jar;C:\Users\DELL\.m2\repository\org\springframework\boot\spring-boot-test-autoconfigure\2.5.6\spring-boot-test-autoconfigure-2.5.6.jar;C:\Users\DELL\.m2\repository\com\jayway\jsonpath\json-path\2.5.0\json-path-2.5.0.jar;C:\Users\DELL\.m2\repository\jakarta\xml\bind\jakarta.xml.bind-api\2.3.3\jakarta.xml.bind-api-2.3.3.jar;C:\Users\DELL\.m2\repository\jakarta\activation\jakarta.activation-api\1.2.2\jakarta.activation-api-1.2.2.jar;C:\Users\DELL\.m2\repository\org\assertj\assertj-core\3.19.0\assertj-core-3.19.0.jar;C:\Users\DELL\.m2\repository\org\hamcrest\hamcrest\2.2\hamcrest-2.2.jar;C:\Users\DELL\.m2\repository\org\junit\jupiter\junit-jupiter\5.7.2\junit-jupiter-5.7.2.jar;C:\Users\DELL\.m2\repository\org\junit\jupiter\junit-jupiter-api\5.7.2\junit-jupiter-api-5.7.2.jar;C:\Users\DELL\.m2\repository\org\apiguardian\apiguardian-api\1.1.0\apiguardian-api-1.1.0.jar;C:\Users\DELL\.m2\repository\org\opentest4j\opentest4j\1.2.0\opentest4j-1.2.0.jar;C:\Users\DELL\.m2\repository\org\junit\platform\junit-platform-commons\1.7.2\junit-platform-commons-1.7.2.jar;C:\Users\DELL\.m2\repository\org\junit\jupiter\junit-jupiter-params\5.7.2\junit-jupiter-params-5.7.2.jar;C:\Users\DELL\.m2\repository\org\junit\jupiter\junit-jupiter-engine\5.7.2\junit-jupiter-engine-5.7.2.jar;C:\Users\DELL\.m2\repository\org\junit\platform\junit-platform-engine\1.7.2\junit-platform-engine-1.7.2.jar;C:\Users\DELL\.m2\repository\org\mockito\mockito-core\3.9.0\mockito-core-3.9.0.jar;C:\Users\DELL\.m2\repository\net\bytebuddy\byte-buddy-agent\1.10.22\byte-buddy-agent-1.10.22.jar;C:\Users\DELL\.m2\repository\org\objenesis\objenesis\3.2\objenesis-3.2.jar;C:\Users\DELL\.m2\repository\org\mockito\mockito-junit-jupiter\3.9.0\mockito-junit-jupiter-3.9.0.jar;C:\Users\DELL\.m2\repository\org\skyscreamer\jsonassert\1.5.0\jsonassert-1.5.0.jar;C:\Users\DELL\.m2\repository\com\vaadin\external\google\android-json\0.0.20131108.vaadin1\android-json-0.0.20131108.vaadin1.jar;C:\Users\DELL\.m2\repository\org\springframework\spring-core\5.3.12\spring-core-5.3.12.jar;C:\Users\DELL\.m2\repository\org\springframework\spring-jcl\5.3.12\spring-jcl-5.3.12.jar;C:\Users\DELL\.m2\repository\org\springframework\spring-test\5.3.12\spring-test-5.3.12.jar;C:\Users\DELL\.m2\repository\org\xmlunit\xmlunit-core\2.8.3\xmlunit-core-2.8.3.jar;C:\Users\DELL\.m2\repository\org\springframework\security\spring-security-test\5.5.3\spring-security-test-5.5.3.jar;C:\Users\DELL\.m2\repository\org\springframework\security\spring-security-core\5.5.3\spring-security-core-5.5.3.jar;C:\Users\DELL\.m2\repository\org\springframework\security\spring-security-crypto\5.5.3\spring-security-crypto-5.5.3.jar;C:\Users\DELL\.m2\repository\org\json\json\20210307\json-20210307.jar;C:\Users\DELL\.m2\repository\org\passay\passay\1.6.0\passay-1.6.0.jar;C:\Users\DELL\.m2\repository\com\nimbusds\nimbus-jose-jwt\4.20\nimbus-jose-jwt-4.20.jar;C:\Users\DELL\.m2\repository\com\github\stephenc\jcip\jcip-annotations\1.0-1\jcip-annotations-1.0-1.jar;C:\Users\DELL\.m2\repository\net\minidev\json-smart\2.4.7\json-smart-2.4.7.jar;C:\Users\DELL\.m2\repository\net\minidev\accessors-smart\2.4.7\accessors-smart-2.4.7.jar;C:\Users\DELL\.m2\repository\org\ow2\asm\asm\9.1\asm-9.1.jar;C:\Users\DELL\.m2\repository\commons-io\commons-io\2.11.0\commons-io-2.11.0.jar;"/>
    <property name="java.vm.vendor" value="Oracle Corporation"/>
    <property name="sun.arch.data.model" value="64"/>
    <property name="user.variant" value=""/>
    <property name="java.vendor.url" value="https://java.oracle.com/"/>
    <property name="user.timezone" value="Asia/Saigon"/>
    <property name="os.name" value="Windows 10"/>
    <property name="java.vm.specification.version" value="15"/>
    <property name="sun.java.launcher" value="SUN_STANDARD"/>
    <property name="user.country" value="US"/>
    <property name="sun.boot.library.path" value="C:\Users\DELL\.p2\pool\plugins\org.eclipse.justj.openjdk.hotspot.jre.full.win32.x86_64_15.0.2.v20210201-0955\jre\bin"/>
    <property name="sun.java.command" value="C:\Users\DELL\AppData\Local\Temp\surefire16476940177372437932\surefirebooter10965938897607988169.jar C:\Users\DELL\AppData\Local\Temp\surefire16476940177372437932 2021-11-16T18-11-52_220-jvmRun1 surefire16564452153890926306tmp surefire_02307993674158948300tmp"/>
    <property name="jdk.debug" value="release"/>
    <property name="surefire.test.class.path" value="D:\eclipse-workspace\Caro-desktop-app\caro_app_server\target\test-classes;D:\eclipse-workspace\Caro-desktop-app\caro_app_server\target\classes;C:\Users\DELL\.m2\repository\org\springframework\boot\spring-boot-starter-data-jpa\2.5.6\spring-boot-starter-data-jpa-2.5.6.jar;C:\Users\DELL\.m2\repository\org\springframework\boot\spring-boot-starter-aop\2.5.6\spring-boot-starter-aop-2.5.6.jar;C:\Users\DELL\.m2\repository\org\aspectj\aspectjweaver\1.9.7\aspectjweaver-1.9.7.jar;C:\Users\DELL\.m2\repository\org\springframework\boot\spring-boot-starter-jdbc\2.5.6\spring-boot-starter-jdbc-2.5.6.jar;C:\Users\DELL\.m2\repository\com\zaxxer\HikariCP\4.0.3\HikariCP-4.0.3.jar;C:\Users\DELL\.m2\repository\org\springframework\spring-jdbc\5.3.12\spring-jdbc-5.3.12.jar;C:\Users\DELL\.m2\repository\jakarta\transaction\jakarta.transaction-api\1.3.3\jakarta.transaction-api-1.3.3.jar;C:\Users\DELL\.m2\repository\jakarta\persistence\jakarta.persistence-api\2.2.3\jakarta.persistence-api-2.2.3.jar;C:\Users\DELL\.m2\repository\org\hibernate\hibernate-core\5.4.32.Final\hibernate-core-5.4.32.Final.jar;C:\Users\DELL\.m2\repository\org\jboss\logging\jboss-logging\3.4.2.Final\jboss-logging-3.4.2.Final.jar;C:\Users\DELL\.m2\repository\org\javassist\javassist\3.27.0-GA\javassist-3.27.0-GA.jar;C:\Users\DELL\.m2\repository\net\bytebuddy\byte-buddy\1.10.22\byte-buddy-1.10.22.jar;C:\Users\DELL\.m2\repository\antlr\antlr\2.7.7\antlr-2.7.7.jar;C:\Users\DELL\.m2\repository\org\jboss\jandex\2.2.3.Final\jandex-2.2.3.Final.jar;C:\Users\DELL\.m2\repository\com\fasterxml\classmate\1.5.1\classmate-1.5.1.jar;C:\Users\DELL\.m2\repository\org\dom4j\dom4j\2.1.3\dom4j-2.1.3.jar;C:\Users\DELL\.m2\repository\org\hibernate\common\hibernate-commons-annotations\5.1.2.Final\hibernate-commons-annotations-5.1.2.Final.jar;C:\Users\DELL\.m2\repository\org\glassfish\jaxb\jaxb-runtime\2.3.5\jaxb-runtime-2.3.5.jar;C:\Users\DELL\.m2\repository\org\glassfish\jaxb\txw2\2.3.5\txw2-2.3.5.jar;C:\Users\DELL\.m2\repository\com\sun\istack\istack-commons-runtime\3.0.12\istack-commons-runtime-3.0.12.jar;C:\Users\DELL\.m2\repository\com\sun\activation\jakarta.activation\1.2.2\jakarta.activation-1.2.2.jar;C:\Users\DELL\.m2\repository\org\springframework\data\spring-data-jpa\2.5.6\spring-data-jpa-2.5.6.jar;C:\Users\DELL\.m2\repository\org\springframework\data\spring-data-commons\2.5.6\spring-data-commons-2.5.6.jar;C:\Users\DELL\.m2\repository\org\springframework\spring-orm\5.3.12\spring-orm-5.3.12.jar;C:\Users\DELL\.m2\repository\org\springframework\spring-context\5.3.12\spring-context-5.3.12.jar;C:\Users\DELL\.m2\repository\org\springframework\spring-tx\5.3.12\spring-tx-5.3.12.jar;C:\Users\DELL\.m2\repository\org\springframework\spring-beans\5.3.12\spring-beans-5.3.12.jar;C:\Users\DELL\.m2\repository\org\slf4j\slf4j-api\1.7.32\slf4j-api-1.7.32.jar;C:\Users\DELL\.m2\repository\org\springframework\spring-aspects\5.3.12\spring-aspects-5.3.12.jar;C:\Users\DELL\.m2\repository\org\springframework\boot\spring-boot-starter-security\2.5.6\spring-boot-starter-security-2.5.6.jar;C:\Users\DELL\.m2\repository\org\springframework\boot\spring-boot-starter\2.5.6\spring-boot-starter-2.5.6.jar;C:\Users\DELL\.m2\repository\org\springframework\boot\spring-boot-starter-logging\2.5.6\spring-boot-starter-logging-2.5.6.jar;C:\Users\DELL\.m2\repository\ch\qos\logback\logback-classic\1.2.6\logback-classic-1.2.6.jar;C:\Users\DELL\.m2\repository\ch\qos\logback\logback-core\1.2.6\logback-core-1.2.6.jar;C:\Users\DELL\.m2\repository\org\apache\logging\log4j\log4j-to-slf4j\2.14.1\log4j-to-slf4j-2.14.1.jar;C:\Users\DELL\.m2\repository\org\apache\logging\log4j\log4j-api\2.14.1\log4j-api-2.14.1.jar;C:\Users\DELL\.m2\repository\org\slf4j\jul-to-slf4j\1.7.32\jul-to-slf4j-1.7.32.jar;C:\Users\DELL\.m2\repository\jakarta\annotation\jakarta.annotation-api\1.3.5\jakarta.annotation-api-1.3.5.jar;C:\Users\DELL\.m2\repository\org\yaml\snakeyaml\1.28\snakeyaml-1.28.jar;C:\Users\DELL\.m2\repository\org\springframework\spring-aop\5.3.12\spring-aop-5.3.12.jar;C:\Users\DELL\.m2\repository\org\springframework\security\spring-security-config\5.5.3\spring-security-config-5.5.3.jar;C:\Users\DELL\.m2\repository\org\springframework\security\spring-security-web\5.5.3\spring-security-web-5.5.3.jar;C:\Users\DELL\.m2\repository\org\springframework\spring-expression\5.3.12\spring-expression-5.3.12.jar;C:\Users\DELL\.m2\repository\org\springframework\boot\spring-boot-starter-validation\2.5.6\spring-boot-starter-validation-2.5.6.jar;C:\Users\DELL\.m2\repository\org\apache\tomcat\embed\tomcat-embed-el\9.0.54\tomcat-embed-el-9.0.54.jar;C:\Users\DELL\.m2\repository\org\hibernate\validator\hibernate-validator\6.2.0.Final\hibernate-validator-6.2.0.Final.jar;C:\Users\DELL\.m2\repository\jakarta\validation\jakarta.validation-api\2.0.2\jakarta.validation-api-2.0.2.jar;C:\Users\DELL\.m2\repository\org\springframework\boot\spring-boot-starter-web\2.5.6\spring-boot-starter-web-2.5.6.jar;C:\Users\DELL\.m2\repository\org\springframework\boot\spring-boot-starter-json\2.5.6\spring-boot-starter-json-2.5.6.jar;C:\Users\DELL\.m2\repository\com\fasterxml\jackson\core\jackson-databind\2.12.5\jackson-databind-2.12.5.jar;C:\Users\DELL\.m2\repository\com\fasterxml\jackson\core\jackson-annotations\2.12.5\jackson-annotations-2.12.5.jar;C:\Users\DELL\.m2\repository\com\fasterxml\jackson\core\jackson-core\2.12.5\jackson-core-2.12.5.jar;C:\Users\DELL\.m2\repository\com\fasterxml\jackson\datatype\jackson-datatype-jdk8\2.12.5\jackson-datatype-jdk8-2.12.5.jar;C:\Users\DELL\.m2\repository\com\fasterxml\jackson\datatype\jackson-datatype-jsr310\2.12.5\jackson-datatype-jsr310-2.12.5.jar;C:\Users\DELL\.m2\repository\com\fasterxml\jackson\module\jackson-module-parameter-names\2.12.5\jackson-module-parameter-names-2.12.5.jar;C:\Users\DELL\.m2\repository\org\springframework\boot\spring-boot-starter-tomcat\2.5.6\spring-boot-starter-tomcat-2.5.6.jar;C:\Users\DELL\.m2\repository\org\apache\tomcat\embed\tomcat-embed-core\9.0.54\tomcat-embed-core-9.0.54.jar;C:\Users\DELL\.m2\repository\org\apache\tomcat\embed\tomcat-embed-websocket\9.0.54\tomcat-embed-websocket-9.0.54.jar;C:\Users\DELL\.m2\repository\org\springframework\spring-web\5.3.12\spring-web-5.3.12.jar;C:\Users\DELL\.m2\repository\org\springframework\spring-webmvc\5.3.12\spring-webmvc-5.3.12.jar;C:\Users\DELL\.m2\repository\org\springframework\boot\spring-boot-devtools\2.5.6\spring-boot-devtools-2.5.6.jar;C:\Users\DELL\.m2\repository\org\springframework\boot\spring-boot\2.5.6\spring-boot-2.5.6.jar;C:\Users\DELL\.m2\repository\org\springframework\boot\spring-boot-autoconfigure\2.5.6\spring-boot-autoconfigure-2.5.6.jar;C:\Users\DELL\.m2\repository\mysql\mysql-connector-java\8.0.27\mysql-connector-java-8.0.27.jar;C:\Users\DELL\.m2\repository\org\springframework\boot\spring-boot-starter-test\2.5.6\spring-boot-starter-test-2.5.6.jar;C:\Users\DELL\.m2\repository\org\springframework\boot\spring-boot-test\2.5.6\spring-boot-test-2.5.6.jar;C:\Users\DELL\.m2\repository\org\springframework\boot\spring-boot-test-autoconfigure\2.5.6\spring-boot-test-autoconfigure-2.5.6.jar;C:\Users\DELL\.m2\repository\com\jayway\jsonpath\json-path\2.5.0\json-path-2.5.0.jar;C:\Users\DELL\.m2\repository\jakarta\xml\bind\jakarta.xml.bind-api\2.3.3\jakarta.xml.bind-api-2.3.3.jar;C:\Users\DELL\.m2\repository\jakarta\activation\jakarta.activation-api\1.2.2\jakarta.activation-api-1.2.2.jar;C:\Users\DELL\.m2\repository\org\assertj\assertj-core\3.19.0\assertj-core-3.19.0.jar;C:\Users\DELL\.m2\repository\org\hamcrest\hamcrest\2.2\hamcrest-2.2.jar;C:\Users\DELL\.m2\repository\org\junit\jupiter\junit-jupiter\5.7.2\junit-jupiter-5.7.2.jar;C:\Users\DELL\.m2\repository\org\junit\jupiter\junit-jupiter-api\5.7.2\junit-jupiter-api-5.7.2.jar;C:\Users\DELL\.m2\repository\org\apiguardian\apiguardian-api\1.1.0\apiguardian-api-1.1.0.jar;C:\Users\DELL\.m2\repository\org\opentest4j\opentest4j\1.2.0\opentest4j-1.2.0.jar;C:\Users\DELL\.m2\repository\org\junit\platform\junit-platform-commons\1.7.2\junit-platform-commons-1.7.2.jar;C:\Users\DELL\.m2\repository\org\junit\jupiter\junit-jupiter-params\5.7.2\junit-jupiter-params-5.7.2.jar;C:\Users\DELL\.m2\repository\org\junit\jupiter\junit-jupiter-engine\5.7.2\junit-jupiter-engine-5.7.2.jar;C:\Users\DELL\.m2\repository\org\junit\platform\junit-platform-engine\1.7.2\junit-platform-engine-1.7.2.jar;C:\Users\DELL\.m2\repository\org\mockito\mockito-core\3.9.0\mockito-core-3.9.0.jar;C:\Users\DELL\.m2\repository\net\bytebuddy\byte-buddy-agent\1.10.22\byte-buddy-agent-1.10.22.jar;C:\Users\DELL\.m2\repository\org\objenesis\objenesis\3.2\objenesis-3.2.jar;C:\Users\DELL\.m2\repository\org\mockito\mockito-junit-jupiter\3.9.0\mockito-junit-jupiter-3.9.0.jar;C:\Users\DELL\.m2\repository\org\skyscreamer\jsonassert\1.5.0\jsonassert-1.5.0.jar;C:\Users\DELL\.m2\repository\com\vaadin\external\google\android-json\0.0.20131108.vaadin1\android-json-0.0.20131108.vaadin1.jar;C:\Users\DELL\.m2\repository\org\springframework\spring-core\5.3.12\spring-core-5.3.12.jar;C:\Users\DELL\.m2\repository\org\springframework\spring-jcl\5.3.12\spring-jcl-5.3.12.jar;C:\Users\DELL\.m2\repository\org\springframework\spring-test\5.3.12\spring-test-5.3.12.jar;C:\Users\DELL\.m2\repository\org\xmlunit\xmlunit-core\2.8.3\xmlunit-core-2.8.3.jar;C:\Users\DELL\.m2\repository\org\springframework\security\spring-security-test\5.5.3\spring-security-test-5.5.3.jar;C:\Users\DELL\.m2\repository\org\springframework\security\spring-security-core\5.5.3\spring-security-core-5.5.3.jar;C:\Users\DELL\.m2\repository\org\springframework\security\spring-security-crypto\5.5.3\spring-security-crypto-5.5.3.jar;C:\Users\DELL\.m2\repository\org\json\json\20210307\json-20210307.jar;C:\Users\DELL\.m2\repository\org\passay\passay\1.6.0\passay-1.6.0.jar;C:\Users\DELL\.m2\repository\com\nimbusds\nimbus-jose-jwt\4.20\nimbus-jose-jwt-4.20.jar;C:\Users\DELL\.m2\repository\com\github\stephenc\jcip\jcip-annotations\1.0-1\jcip-annotations-1.0-1.jar;C:\Users\DELL\.m2\repository\net\minidev\json-smart\2.4.7\json-smart-2.4.7.jar;C:\Users\DELL\.m2\repository\net\minidev\accessors-smart\2.4.7\accessors-smart-2.4.7.jar;C:\Users\DELL\.m2\repository\org\ow2\asm\asm\9.1\asm-9.1.jar;C:\Users\DELL\.m2\repository\commons-io\commons-io\2.11.0\commons-io-2.11.0.jar;"/>
    <property name="sun.cpu.endian" value="little"/>
    <property name="user.home" value="C:\Users\DELL"/>
    <property name="user.language" value="en"/>
    <property name="java.specification.vendor" value="Oracle Corporation"/>
    <property name="java.version.date" value="2021-01-19"/>
    <property name="java.home" value="C:\Users\DELL\.p2\pool\plugins\org.eclipse.justj.openjdk.hotspot.jre.full.win32.x86_64_15.0.2.v20210201-0955\jre"/>
    <property name="file.separator" value="\"/>
    <property name="style.color" value="always"/>
    <property name="basedir" value="D:\eclipse-workspace\Caro-desktop-app\caro_app_server"/>
    <property name="java.vm.compressedOopsMode" value="Zero based"/>
    <property name="line.separator" value="&#10;"/>
    <property name="java.vm.specification.vendor" value="Oracle Corporation"/>
    <property name="java.specification.name" value="Java Platform API Specification"/>
    <property name="surefire.real.class.path" value="C:\Users\DELL\AppData\Local\Temp\surefire16476940177372437932\surefirebooter10965938897607988169.jar"/>
    <property name="user.script" value=""/>
    <property name="sun.management.compiler" value="HotSpot 64-Bit Tiered Compilers"/>
    <property name="java.runtime.version" value="15.0.2+7-27"/>
    <property name="user.name" value="DELL"/>
    <property name="path.separator" value=";"/>
    <property name="os.version" value="10.0"/>
    <property name="java.runtime.name" value="OpenJDK Runtime Environment"/>
    <property name="file.encoding" value="Cp1252"/>
    <property name="java.vm.name" value="OpenJDK 64-Bit Server VM"/>
    <property name="localRepository" value="C:\Users\DELL\.m2\repository"/>
    <property name="java.vendor.url.bug" value="https://bugreport.java.com/bugreport/"/>
    <property name="java.io.tmpdir" value="C:\Users\DELL\AppData\Local\Temp\"/>
    <property name="java.version" value="15.0.2"/>
    <property name="user.dir" value="D:\eclipse-workspace\Caro-desktop-app\caro_app_server"/>
    <property name="os.arch" value="amd64"/>
    <property name="java.vm.specification.name" value="Java Virtual Machine Specification"/>
    <property name="sun.os.patch.level" value=""/>
    <property name="java.library.path" value="C:\Users\DELL\.p2\pool\plugins\org.eclipse.justj.openjdk.hotspot.jre.full.win32.x86_64_15.0.2.v20210201-0955\jre\bin;C:\WINDOWS\Sun\Java\bin;C:\WINDOWS\system32;C:\WINDOWS;D:/Downloads/Spring Tool Suite 4/sts-4.10.0.RELEASE//plugins/org.eclipse.justj.openjdk.hotspot.jre.full.win32.x86_64_15.0.2.v20210201-0955/jre/bin/server;D:/Downloads/Spring Tool Suite 4/sts-4.10.0.RELEASE//plugins/org.eclipse.justj.openjdk.hotspot.jre.full.win32.x86_64_15.0.2.v20210201-0955/jre/bin;C:\Program Files\Python39\Scripts\;C:\Program Files\Python39\;C:\Program Files\Common Files\Oracle\Java\javapath;C:\Program Files (x86)\Common Files\Oracle\Java\javapath;C:\ProgramData\Oracle\Java\javapath;C:\WINDOWS\system32;C:\WINDOWS;C:\WINDOWS\System32\Wbem;C:\WINDOWS\System32\WindowsPowerShell\v1.0\;C:\WINDOWS\System32\OpenSSH\;C:\Program Files\Git\cmd;C:\Program Files\Java\jre1.8.0_281\bin;C:\Program Files\nodejs\;C:\Program Files\Java\jdk1.8.0_111;C:\Users\DELL\AppData\Roaming\npm;C:\Program Files\Docker\Docker\resources\bin;C:\ProgramData\DockerDesktop\version-bin;C:\Program Files (x86)\Microsoft SQL Server\150\DTS\Binn\;C:\Program Files\Azure Data Studio\bin;C:\Program Files\PostgreSQL\13\bin;C:\Users\DELL\AppData\Roaming\npm\node_modules\electron\dist;C:\Program Files\Microsoft SQL Server\Client SDK\ODBC\170\Tools\Binn\;C:\Program Files (x86)\Microsoft SQL Server\150\Tools\Binn\;C:\Program Files\Microsoft SQL Server\150\Tools\Binn\;C:\Program Files\Microsoft SQL Server\150\DTS\Binn\;C:\Program Files\MySQL\MySQL Shell 8.0\bin\;C:\Users\DELL\AppData\Local\Microsoft\WindowsApps;C:\Users\DELL\AppData\Local\Programs\Microsoft VS Code\bin;C:\Program Files\Java\jre1.8.0_281\bin;C:\Users\DELL\AppData\Roaming\npm;D:\Downloads\flutter\bin;;C:\Program Files\Azure Data Studio\bin;D:\Downloads\Spring Tool Suite 4\sts-4.10.0.RELEASE;;."/>
    <property name="java.vm.info" value="mixed mode"/>
    <property name="java.vendor" value="Oracle Corporation"/>
    <property name="java.vm.version" value="15.0.2+7-27"/>
    <property name="sun.io.unicode.encoding" value="UnicodeLittle"/>
    <property name="java.class.version" value="59.0"/>
  </properties>
  <testcase name="contextLoads" classname="com.sgu.caro.CaroAppServerApplicationTests" time="0.207"/>
</testsuite>